Temp/gradleOut/FirebaseApp.androidlib/build/outputs/logs/manifest-merger-release-report.txt
-- Merging decision tree log ---
manifest
ADDED from gradleOut/FirebaseApp.androidlib/AndroidManifest.xml:2:1-6:12
INJECTED from gradleOut/FirebaseApp.androidlib/AndroidManifest.xml:2:1-6:12
INJECTED from gradleOut/FirebaseApp.androidlib/AndroidManifest.xml:2:1-6:12
INJECTED from gradleOut/FirebaseApp.androidlib/AndroidManifest.xml:2:1-6:12
INJECTED from gradleOut/FirebaseApp.androidlib/AndroidManifest.xml:2:1-6:12
INJECTED from gradleOut/FirebaseApp.androidlib/AndroidManifest.xml:2:1-6:12
INJECTED from gradleOut/FirebaseApp.androidlib/AndroidManifest.xml:2:1-6:12
	package
		ADDED from gradleOut/FirebaseApp.androidlib/AndroidManifest.xml:3:11-50
		INJECTED from gradleOut/FirebaseApp.androidlib/AndroidManifest.xml
		INJECTED from gradleOut/FirebaseApp.androidlib/AndroidManifest.xml
	android:versionName
		ADDED from gradleOut/FirebaseApp.androidlib/AndroidManifest.xml:5:11-36
		INJECTED from gradleOut/FirebaseApp.androidlib/AndroidManifest.xml
		INJECTED from gradleOut/FirebaseApp.androidlib/AndroidManifest.xml
	xmlns:android
		ADDED from gradleOut/FirebaseApp.androidlib/AndroidManifest.xml:2:11-69
	android:versionCode
		ADDED from gradleOut/FirebaseApp.androidlib/AndroidManifest.xml:4:11-34
		INJECTED from gradleOut/FirebaseApp.androidlib/AndroidManifest.xml
		INJECTED from gradleOut/FirebaseApp.androidlib/AndroidManifest.xml
uses-sdk
INJECTED from gradleOut/FirebaseApp.androidlib/AndroidManifest.xml reason: use-sdk injection requested
INJECTED from gradleOut/FirebaseApp.androidlib/AndroidManifest.xml
INJECTED from gradleOut/FirebaseApp.androidlib/AndroidManifest.xml
	android:targetSdkVersion
		INJECTED from gradleOut/FirebaseApp.androidlib/AndroidManifest.xml
		ADDED from gradleOut/FirebaseApp.androidlib/AndroidManifest.xml
		INJECTED from gradleOut/FirebaseApp.androidlib/AndroidManifest.xml